22/06/27 12:20:43 517 [info]: 12:20:48 에 작업이 예약되었습니다.
22/06/27 12:20:55 188 [info]: 12:21:00 에 작업이 예약되었습니다.
22/06/27 12:21:54 477 [info]: 12:21:59 에 작업이 예약되었습니다.
22/06/27 12:22:07 796 [info]: 12:22:12 에 작업이 예약되었습니다.
22/06/27 12:27:45 670 [info]: 12:27:50 에 작업이 예약되었습니다.
22/06/27 12:28:31 673 [info]: 12:28:36 에 작업이 예약되었습니다.
22/06/27 12:29:02 319 [info]: 12:29:07 에 작업이 예약되었습니다.
22/06/27 12:36:44 894 [info]: 예약작업이 설정되었습니다.
22/06/27 12:37:06 230 [info]: 예약작업이 설정되었습니다.
22/06/27 12:40:36 807 [info]: 12:40:41 에 작업이 예약되었습니다.
22/06/27 12:43:22 651 [error]: error 메시지 입니다. (1수준)
22/06/27 12:43:22 653 [warn]: warn 메시지 입니다. (2수준)
22/06/27 12:43:22 653 [info]: info 메시지 입니다. (3수준)
22/06/27 12:46:30 937 [error]: error 메시지 입니다. (1수준)
22/06/27 12:46:30 940 [warn]: warn 메시지 입니다. (2수준)
22/06/27 12:46:30 940 [info]: info 메시지 입니다. (3수준)
22/06/27 12:46:40 159 [error]: error 메시지 입니다. (1수준)
22/06/27 12:46:40 162 [warn]: warn 메시지 입니다. (2수준)
22/06/27 12:46:40 162 [info]: info 메시지 입니다. (3수준)
22/06/27 12:46:40 952 [error]: error 메시지 입니다. (1수준)
22/06/27 12:46:40 954 [warn]: warn 메시지 입니다. (2수준)
22/06/27 12:46:40 955 [info]: info 메시지 입니다. (3수준)
