22/07/13 00:32:13 570 [debug]: 3216번 포트에서 백엔드가 구동되었습니다.
22/07/13 00:32:13 573 [debug]: ---------------------
22/07/13 00:32:13 573 [debug]: http://192.168.100.8:3216
22/07/13 00:32:15 380 [debug]: 프론트엔드가 접속했습니다. : ::ffff:192.168.100.8, 7845
22/07/13 00:32:15 380 [debug]: [object Object]
22/07/13 00:32:15 381 [debug]: 프론트엔드가 접속했습니다. : ::ffff:192.168.100.8, 7846
22/07/13 00:32:15 382 [debug]: [object Object]
22/07/13 00:32:15 383 [debug]: 프론트엔드의 요청 >> [GET] /
22/07/13 00:32:15 503 [debug]: 프론트엔드의 요청 >> [GET] /favicon.ico
22/07/13 00:32:23 849 [debug]: 프론트엔드가 접속했습니다. : ::ffff:192.168.100.8, 7852
22/07/13 00:32:23 850 [debug]: [object Object]
22/07/13 00:32:23 850 [debug]: 프론트엔드의 요청 >> [GET] /hello.html
22/07/13 00:32:23 942 [debug]: 프론트엔드의 요청 >> [GET] /favicon.ico
22/07/13 00:32:24 870 [debug]: 프론트엔드의 요청 >> [GET] /
22/07/13 00:32:24 929 [debug]: 프론트엔드의 요청 >> [GET] /favicon.ico
22/07/13 00:32:25 219 [debug]: 프론트엔드의 요청 >> [GET] /hello.html
22/07/13 00:32:25 306 [debug]: 프론트엔드의 요청 >> [GET] /favicon.ico
22/07/13 00:32:25 386 [debug]: 프론트엔드의 요청 >> [GET] /
22/07/13 00:32:25 441 [debug]: 프론트엔드의 요청 >> [GET] /favicon.ico
22/07/13 00:32:25 540 [debug]: 프론트엔드의 요청 >> [GET] /hello.html
22/07/13 00:32:25 619 [debug]: 프론트엔드의 요청 >> [GET] /favicon.ico
22/07/13 00:32:25 699 [debug]: 프론트엔드의 요청 >> [GET] /
22/07/13 00:32:25 753 [debug]: 프론트엔드의 요청 >> [GET] /favicon.ico
22/07/13 00:32:25 859 [debug]: 프론트엔드의 요청 >> [GET] /hello.html
22/07/13 00:32:25 947 [debug]: 프론트엔드의 요청 >> [GET] /favicon.ico
22/07/13 00:32:26 029 [debug]: 프론트엔드의 요청 >> [GET] /
22/07/13 00:32:26 085 [debug]: 프론트엔드의 요청 >> [GET] /favicon.ico
22/07/13 00:32:26 189 [debug]: 프론트엔드의 요청 >> [GET] /hello.html
22/07/13 00:32:26 271 [debug]: 프론트엔드의 요청 >> [GET] /favicon.ico
22/07/13 00:32:26 369 [debug]: 프론트엔드의 요청 >> [GET] /
22/07/13 00:32:26 448 [debug]: 프론트엔드의 요청 >> [GET] /favicon.ico
22/07/13 00:32:26 539 [debug]: 프론트엔드의 요청 >> [GET] /hello.html
22/07/13 00:32:26 637 [debug]: 프론트엔드의 요청 >> [GET] /favicon.ico
22/07/13 00:32:26 719 [debug]: 프론트엔드의 요청 >> [GET] /
22/07/13 00:32:26 758 [debug]: 프론트엔드의 요청 >> [GET] /favicon.ico
22/07/13 00:32:26 890 [debug]: 프론트엔드의 요청 >> [GET] /hello.html
22/07/13 00:32:26 970 [debug]: 프론트엔드의 요청 >> [GET] /favicon.ico
22/07/13 00:32:27 059 [debug]: 프론트엔드의 요청 >> [GET] /
22/07/13 00:32:27 117 [debug]: 프론트엔드의 요청 >> [GET] /favicon.ico
22/07/13 00:32:29 519 [debug]: 프론트엔드의 요청 >> [GET] /hello.html
22/07/13 00:32:29 599 [debug]: 프론트엔드의 요청 >> [GET] /favicon.ico
22/07/13 00:32:33 131 [debug]: 프론트엔드의 요청 >> [GET] /
22/07/13 00:32:33 184 [debug]: 프론트엔드의 요청 >> [GET] /favicon.ico
22/07/13 00:32:33 552 [debug]: 프론트엔드의 요청 >> [GET] /hello.html
22/07/13 00:32:33 637 [debug]: 프론트엔드의 요청 >> [GET] /favicon.ico
22/07/13 00:32:35 740 [debug]: 프론트엔드의 요청 >> [GET] /
22/07/13 00:32:35 865 [debug]: 프론트엔드의 요청 >> [GET] /favicon.ico
22/07/13 00:32:36 080 [debug]: 프론트엔드의 요청 >> [GET] /hello.html
22/07/13 00:32:36 160 [debug]: 프론트엔드의 요청 >> [GET] /favicon.ico
22/07/13 00:32:36 250 [debug]: 프론트엔드의 요청 >> [GET] /
22/07/13 00:32:36 317 [debug]: 프론트엔드의 요청 >> [GET] /favicon.ico
22/07/13 00:32:36 429 [debug]: 프론트엔드의 요청 >> [GET] /hello.html
22/07/13 00:32:36 510 [debug]: 프론트엔드의 요청 >> [GET] /favicon.ico
22/07/13 00:32:36 610 [debug]: 프론트엔드의 요청 >> [GET] /
22/07/13 00:32:36 675 [debug]: 프론트엔드의 요청 >> [GET] /favicon.ico
22/07/13 00:32:36 799 [debug]: 프론트엔드의 요청 >> [GET] /hello.html
22/07/13 00:32:36 879 [debug]: 프론트엔드의 요청 >> [GET] /favicon.ico
22/07/13 00:32:36 979 [debug]: 프론트엔드의 요청 >> [GET] /
22/07/13 00:32:37 034 [debug]: 프론트엔드의 요청 >> [GET] /favicon.ico
22/07/13 00:32:37 170 [debug]: 프론트엔드의 요청 >> [GET] /hello.html
22/07/13 00:32:37 254 [debug]: 프론트엔드의 요청 >> [GET] /favicon.ico
22/07/13 00:32:37 389 [debug]: 프론트엔드의 요청 >> [GET] /
22/07/13 00:32:37 445 [debug]: 프론트엔드의 요청 >> [GET] /favicon.ico
22/07/13 00:32:37 591 [debug]: 프론트엔드의 요청 >> [GET] /hello.html
22/07/13 00:32:37 693 [debug]: 프론트엔드의 요청 >> [GET] /favicon.ico
22/07/13 00:32:37 829 [debug]: 프론트엔드의 요청 >> [GET] /
22/07/13 00:32:37 882 [debug]: 프론트엔드의 요청 >> [GET] /favicon.ico
22/07/13 00:32:38 069 [debug]: 프론트엔드의 요청 >> [GET] /hello.html
22/07/13 00:32:38 179 [debug]: 프론트엔드의 요청 >> [GET] /favicon.ico
22/07/13 00:32:38 279 [debug]: 프론트엔드의 요청 >> [GET] /
22/07/13 00:32:38 333 [debug]: 프론트엔드의 요청 >> [GET] /favicon.ico
22/07/13 00:32:38 469 [debug]: 프론트엔드의 요청 >> [GET] /hello.html
22/07/13 00:32:38 556 [debug]: 프론트엔드의 요청 >> [GET] /favicon.ico
22/07/13 00:32:38 649 [debug]: 프론트엔드의 요청 >> [GET] /
22/07/13 00:32:38 703 [debug]: 프론트엔드의 요청 >> [GET] /favicon.ico
22/07/13 00:32:38 829 [debug]: 프론트엔드의 요청 >> [GET] /hello.html
22/07/13 00:32:38 914 [debug]: 프론트엔드의 요청 >> [GET] /favicon.ico
22/07/13 00:32:39 009 [debug]: 프론트엔드의 요청 >> [GET] /
22/07/13 00:32:39 064 [debug]: 프론트엔드의 요청 >> [GET] /favicon.ico
22/07/13 00:32:39 199 [debug]: 프론트엔드의 요청 >> [GET] /hello.html
22/07/13 00:32:39 284 [debug]: 프론트엔드의 요청 >> [GET] /favicon.ico
22/07/13 00:32:39 369 [debug]: 프론트엔드의 요청 >> [GET] /
22/07/13 00:32:39 406 [debug]: 프론트엔드의 요청 >> [GET] /favicon.ico
22/07/13 00:32:39 559 [debug]: 프론트엔드의 요청 >> [GET] /hello.html
22/07/13 00:32:39 643 [debug]: 프론트엔드의 요청 >> [GET] /favicon.ico
22/07/13 00:32:39 759 [debug]: 프론트엔드의 요청 >> [GET] /
22/07/13 00:32:39 814 [debug]: 프론트엔드의 요청 >> [GET] /favicon.ico
22/07/13 00:32:39 950 [debug]: 프론트엔드의 요청 >> [GET] /hello.html
22/07/13 00:32:40 035 [debug]: 프론트엔드의 요청 >> [GET] /favicon.ico
22/07/13 00:32:40 139 [debug]: 프론트엔드의 요청 >> [GET] /
22/07/13 00:32:40 196 [debug]: 프론트엔드의 요청 >> [GET] /favicon.ico
22/07/13 00:32:40 309 [debug]: 프론트엔드의 요청 >> [GET] /hello.html
22/07/13 00:32:40 395 [debug]: 프론트엔드의 요청 >> [GET] /favicon.ico
22/07/13 00:32:40 509 [debug]: 프론트엔드의 요청 >> [GET] /
22/07/13 00:32:40 564 [debug]: 프론트엔드의 요청 >> [GET] /favicon.ico
22/07/13 00:32:40 679 [debug]: 프론트엔드의 요청 >> [GET] /hello.html
22/07/13 00:32:40 760 [debug]: 프론트엔드의 요청 >> [GET] /favicon.ico
22/07/13 00:32:40 869 [debug]: 프론트엔드의 요청 >> [GET] /
22/07/13 00:32:40 907 [debug]: 프론트엔드의 요청 >> [GET] /favicon.ico
22/07/13 00:32:41 039 [debug]: 프론트엔드의 요청 >> [GET] /hello.html
22/07/13 00:32:41 129 [debug]: 프론트엔드의 요청 >> [GET] /favicon.ico
22/07/13 00:32:41 219 [debug]: 프론트엔드의 요청 >> [GET] /
22/07/13 00:32:41 260 [debug]: 프론트엔드의 요청 >> [GET] /favicon.ico
22/07/13 00:32:41 419 [debug]: 프론트엔드의 요청 >> [GET] /hello.html
22/07/13 00:32:41 501 [debug]: 프론트엔드의 요청 >> [GET] /favicon.ico
22/07/13 00:32:41 600 [debug]: 프론트엔드의 요청 >> [GET] /
22/07/13 00:32:41 868 [debug]: 프론트엔드의 요청 >> [GET] /hello.html
22/07/13 00:32:41 870 [debug]: 프론트엔드의 요청 >> [GET] /favicon.ico
22/07/13 00:32:41 959 [debug]: 프론트엔드의 요청 >> [GET] /favicon.ico
22/07/13 00:32:42 122 [debug]: 프론트엔드의 요청 >> [GET] /
22/07/13 00:32:42 212 [debug]: 프론트엔드의 요청 >> [GET] /favicon.ico
22/07/13 00:32:42 289 [debug]: 프론트엔드의 요청 >> [GET] /hello.html
22/07/13 00:32:42 375 [debug]: 프론트엔드의 요청 >> [GET] /favicon.ico
22/07/13 00:32:42 949 [debug]: 프론트엔드의 요청 >> [GET] /
22/07/13 00:32:43 061 [debug]: 프론트엔드의 요청 >> [GET] /favicon.ico
22/07/13 00:32:43 750 [debug]: 프론트엔드의 요청 >> [GET] /hello.html
22/07/13 00:32:43 834 [debug]: 프론트엔드의 요청 >> [GET] /favicon.ico
22/07/13 00:32:44 299 [debug]: 프론트엔드의 요청 >> [GET] /
22/07/13 00:32:44 336 [debug]: 프론트엔드의 요청 >> [GET] /favicon.ico
22/07/13 00:32:44 780 [debug]: 프론트엔드의 요청 >> [GET] /hello.html
22/07/13 00:32:44 862 [debug]: 프론트엔드의 요청 >> [GET] /favicon.ico
22/07/13 00:33:01 889 [debug]: 프론트엔드가 접속했습니다. : ::ffff:192.168.100.8, 7882
22/07/13 00:33:01 890 [debug]: [object Object]
22/07/13 00:33:01 890 [debug]: 프론트엔드의 요청 >> [GET] /
22/07/13 00:33:01 976 [debug]: 프론트엔드의 요청 >> [GET] /favicon.ico
22/07/13 00:33:02 520 [debug]: 프론트엔드의 요청 >> [GET] /hello.html
22/07/13 00:33:02 599 [debug]: 프론트엔드의 요청 >> [GET] /favicon.ico
22/07/13 00:33:02 969 [debug]: 프론트엔드의 요청 >> [GET] /
22/07/13 00:33:03 001 [debug]: 프론트엔드의 요청 >> [GET] /favicon.ico
22/07/13 00:33:03 419 [debug]: 프론트엔드의 요청 >> [GET] /hello.html
22/07/13 00:33:03 500 [debug]: 프론트엔드의 요청 >> [GET] /favicon.ico
22/07/13 00:33:04 190 [debug]: 프론트엔드의 요청 >> [GET] /
22/07/13 00:33:04 253 [debug]: 프론트엔드의 요청 >> [GET] /favicon.ico
22/07/13 00:33:04 740 [debug]: 프론트엔드의 요청 >> [GET] /hello.html
22/07/13 00:33:04 834 [debug]: 프론트엔드의 요청 >> [GET] /favicon.ico
22/07/13 00:33:05 230 [debug]: 프론트엔드의 요청 >> [GET] /
22/07/13 00:33:05 286 [debug]: 프론트엔드의 요청 >> [GET] /favicon.ico
22/07/13 00:33:05 720 [debug]: 프론트엔드의 요청 >> [GET] /hello.html
22/07/13 00:33:05 819 [debug]: 프론트엔드의 요청 >> [GET] /favicon.ico
22/07/13 00:33:06 253 [debug]: 프론트엔드의 요청 >> [GET] /
22/07/13 00:33:06 315 [debug]: 프론트엔드의 요청 >> [GET] /favicon.ico
22/07/13 00:33:12 631 [debug]: 프론트엔드가 접속했습니다. : ::ffff:192.168.100.8, 7889
22/07/13 00:33:12 631 [debug]: [object Object]
22/07/13 00:33:12 632 [debug]: 프론트엔드의 요청 >> [GET] /hello.html
22/07/13 00:33:12 714 [debug]: 프론트엔드의 요청 >> [GET] /favicon.ico
22/07/13 00:33:13 219 [debug]: 프론트엔드의 요청 >> [GET] /
22/07/13 00:33:13 275 [debug]: 프론트엔드의 요청 >> [GET] /favicon.ico
22/07/13 00:33:13 751 [debug]: 프론트엔드의 요청 >> [GET] /hello.html
22/07/13 00:33:13 835 [debug]: 프론트엔드의 요청 >> [GET] /favicon.ico
22/07/13 00:33:14 279 [debug]: 프론트엔드의 요청 >> [GET] /
22/07/13 00:33:14 355 [debug]: 프론트엔드의 요청 >> [GET] /favicon.ico
22/07/13 00:33:14 790 [debug]: 프론트엔드의 요청 >> [GET] /hello.html
22/07/13 00:33:14 888 [debug]: 프론트엔드의 요청 >> [GET] /favicon.ico
22/07/13 00:33:15 230 [debug]: 프론트엔드의 요청 >> [GET] /
22/07/13 00:33:15 334 [debug]: 프론트엔드의 요청 >> [GET] /favicon.ico
22/07/13 00:33:15 670 [debug]: 프론트엔드의 요청 >> [GET] /hello.html
22/07/13 00:33:15 771 [debug]: 프론트엔드의 요청 >> [GET] /favicon.ico
22/07/13 00:33:16 090 [debug]: 프론트엔드의 요청 >> [GET] /
22/07/13 00:33:16 162 [debug]: 프론트엔드의 요청 >> [GET] /favicon.ico
22/07/13 00:33:16 651 [debug]: 프론트엔드의 요청 >> [GET] /hello.html
22/07/13 00:33:16 746 [debug]: 프론트엔드의 요청 >> [GET] /favicon.ico
22/07/13 00:33:17 161 [debug]: 프론트엔드의 요청 >> [GET] /
22/07/13 00:33:17 227 [debug]: 프론트엔드의 요청 >> [GET] /favicon.ico
22/07/13 00:33:17 641 [debug]: 프론트엔드의 요청 >> [GET] /hello.html
22/07/13 00:33:17 724 [debug]: 프론트엔드의 요청 >> [GET] /favicon.ico
22/07/13 00:33:18 129 [debug]: 프론트엔드의 요청 >> [GET] /
22/07/13 00:33:18 211 [debug]: 프론트엔드의 요청 >> [GET] /favicon.ico
22/07/13 00:33:18 610 [debug]: 프론트엔드의 요청 >> [GET] /hello.html
22/07/13 00:33:18 694 [debug]: 프론트엔드의 요청 >> [GET] /favicon.ico
22/07/13 00:33:19 161 [debug]: 프론트엔드의 요청 >> [GET] /
22/07/13 00:33:19 214 [debug]: 프론트엔드의 요청 >> [GET] /favicon.ico
22/07/13 00:33:19 620 [debug]: 프론트엔드의 요청 >> [GET] /hello.html
22/07/13 00:33:19 702 [debug]: 프론트엔드의 요청 >> [GET] /favicon.ico
22/07/13 00:33:20 120 [debug]: 프론트엔드의 요청 >> [GET] /
22/07/13 00:33:20 172 [debug]: 프론트엔드의 요청 >> [GET] /favicon.ico
22/07/13 00:33:20 820 [debug]: 프론트엔드의 요청 >> [GET] /hello.html
22/07/13 00:33:20 902 [debug]: 프론트엔드의 요청 >> [GET] /favicon.ico
22/07/13 00:33:21 270 [debug]: 프론트엔드의 요청 >> [GET] /
22/07/13 00:33:21 323 [debug]: 프론트엔드의 요청 >> [GET] /favicon.ico
22/07/13 00:41:34 640 [debug]: 프론트엔드가 접속했습니다. : ::ffff:192.168.100.8, 8240
22/07/13 00:41:34 641 [debug]: [object Object]
22/07/13 00:41:34 641 [debug]: 프론트엔드가 접속했습니다. : ::ffff:192.168.100.8, 8241
22/07/13 00:41:34 641 [debug]: [object Object]
22/07/13 00:41:34 642 [debug]: 프론트엔드의 요청 >> [GET] /hello.html
22/07/13 00:41:34 743 [debug]: 프론트엔드의 요청 >> [GET] /favicon.ico
22/07/13 00:47:46 674 [debug]: 3217번 포트에서 백엔드가 구동되었습니다.
22/07/13 00:47:46 676 [debug]: ----------------------
22/07/13 00:47:46 677 [debug]: http://192.168.100.8:3217
22/07/13 00:47:49 106 [debug]: 프론트엔드가 접속했습니다. : ::ffff:192.168.100.8, 8494
22/07/13 00:47:49 107 [debug]: [object Object]
22/07/13 00:47:49 108 [debug]: 프론트엔드가 접속했습니다. : ::ffff:192.168.100.8, 8495
22/07/13 00:47:49 109 [debug]: [object Object]
22/07/13 00:47:49 111 [debug]: 프론트엔드의 요청 >> [GET] /
22/07/13 00:47:49 243 [debug]: 프론트엔드의 요청 >> [GET] /favicon.ico
22/07/13 00:49:13 663 [debug]: 프론트엔드가 접속했습니다. : ::ffff:192.168.100.8, 8551
22/07/13 00:49:13 664 [debug]: [object Object]
22/07/13 00:49:13 664 [debug]: 프론트엔드가 접속했습니다. : ::ffff:192.168.100.8, 8552
22/07/13 00:49:13 665 [debug]: [object Object]
22/07/13 00:49:13 665 [debug]: 프론트엔드의 요청 >> [GET] /sample.html
22/07/13 00:49:13 755 [debug]: 프론트엔드의 요청 >> [GET] /favicon.ico
22/07/13 00:49:18 557 [debug]: 프론트엔드가 접속했습니다. : ::1, 8556
22/07/13 00:49:18 557 [debug]: [object Object]
22/07/13 00:49:18 558 [debug]: 프론트엔드의 요청 >> [GET] /
22/07/13 00:49:19 065 [debug]: 프론트엔드의 요청 >> [POST] /
22/07/13 00:49:19 835 [debug]: 프론트엔드의 요청 >> [OPTIONS] /
22/07/13 00:49:19 837 [debug]: 프론트엔드가 접속했습니다. : ::1, 8557
22/07/13 00:49:19 837 [debug]: [object Object]
22/07/13 00:49:19 837 [debug]: 프론트엔드의 요청 >> [PUT] /
22/07/13 00:49:20 235 [debug]: 프론트엔드의 요청 >> [DELETE] /
22/07/13 00:49:20 655 [debug]: 프론트엔드의 요청 >> [PUT] /
22/07/13 00:49:20 995 [debug]: 프론트엔드의 요청 >> [POST] /
22/07/13 00:49:21 295 [debug]: 프론트엔드의 요청 >> [GET] /
22/07/13 00:49:21 616 [debug]: 프론트엔드의 요청 >> [POST] /
22/07/13 00:49:21 915 [debug]: 프론트엔드의 요청 >> [PUT] /
22/07/13 00:49:22 235 [debug]: 프론트엔드의 요청 >> [DELETE] /
22/07/13 00:49:28 189 [debug]: 프론트엔드가 접속했습니다. : ::1, 8563
22/07/13 00:49:28 190 [debug]: [object Object]
22/07/13 00:49:28 191 [debug]: 프론트엔드가 접속했습니다. : ::1, 8564
22/07/13 00:49:28 191 [debug]: [object Object]
22/07/13 00:49:28 191 [debug]: 프론트엔드의 요청 >> [GET] /
22/07/13 00:49:28 291 [debug]: 프론트엔드의 요청 >> [GET] /favicon.ico
22/07/13 00:49:29 255 [debug]: 프론트엔드가 접속했습니다. : ::ffff:192.168.100.8, 8565
22/07/13 00:49:29 256 [debug]: [object Object]
22/07/13 00:49:29 273 [debug]: 프론트엔드의 요청 >> [GET] /favicon.ico
22/07/13 00:58:07 911 [debug]: 3217번 포트에서 백엔드가 구동되었습니다.
22/07/13 00:58:07 913 [debug]: ----------------------
22/07/13 00:58:07 914 [debug]: http://192.168.100.8:3217
22/07/13 00:58:09 220 [debug]: 프론트엔드가 접속했습니다. : ::ffff:192.168.100.8, 8866
22/07/13 00:58:09 222 [debug]: [object Object]
22/07/13 00:58:09 223 [debug]: 프론트엔드가 접속했습니다. : ::ffff:192.168.100.8, 8867
22/07/13 00:58:09 224 [debug]: [object Object]
22/07/13 00:58:09 226 [debug]: 프론트엔드의 요청 >> [GET] /
22/07/13 00:58:09 346 [debug]: 프론트엔드의 요청 >> [GET] /favicon.ico
22/07/13 00:58:16 117 [debug]: 프론트엔드가 접속했습니다. : ::ffff:192.168.100.8, 8873
22/07/13 00:58:16 117 [debug]: [object Object]
22/07/13 00:58:16 118 [debug]: 프론트엔드의 요청 >> [GET] /123
22/07/13 00:58:16 184 [debug]: 프론트엔드의 요청 >> [GET] /favicon.ico
22/07/13 00:58:23 226 [debug]: 프론트엔드가 접속했습니다. : ::ffff:192.168.100.8, 8880
22/07/13 00:58:23 227 [debug]: [object Object]
22/07/13 00:58:23 227 [debug]: 프론트엔드의 요청 >> [GET] /sample.html
22/07/13 00:58:23 310 [debug]: 프론트엔드의 요청 >> [GET] /favicon.ico
22/07/13 00:58:25 668 [debug]: 프론트엔드가 접속했습니다. : ::1, 8881
22/07/13 00:58:25 668 [debug]: [object Object]
22/07/13 00:58:25 669 [debug]: 프론트엔드의 요청 >> [GET] /
22/07/13 00:58:26 327 [debug]: 프론트엔드의 요청 >> [POST] /
22/07/13 00:58:26 947 [debug]: 프론트엔드의 요청 >> [OPTIONS] /
22/07/13 00:58:26 948 [debug]: 프론트엔드가 접속했습니다. : ::1, 8883
22/07/13 00:58:26 948 [debug]: [object Object]
22/07/13 00:58:26 949 [debug]: 프론트엔드의 요청 >> [PUT] /
22/07/13 00:58:27 417 [debug]: 프론트엔드의 요청 >> [DELETE] /
