22/06/28 10:41:11 603 [debug]: 3216번 포트에서 백엔드가 구동되었습니다.
22/06/28 10:41:11 606 [debug]: ---------------------
22/06/28 10:41:11 606 [debug]: http://192.168.100.8:3216
22/06/28 10:41:15 465 [debug]: 프론트엔드가 접속했습니다. : ::ffff:192.168.100.8, 4299
22/06/28 10:41:15 466 [debug]: [object Object]
22/06/28 10:41:15 467 [debug]: 프론트엔드가 접속했습니다. : ::ffff:192.168.100.8, 4300
22/06/28 10:41:15 468 [debug]: [object Object]
22/06/28 10:41:15 471 [debug]: 프론트엔드의 요청 >> [GET] /
22/06/28 10:41:15 577 [debug]: 프론트엔드의 요청 >> [GET] /favicon.ico
22/06/28 10:41:45 590 [debug]: 프론트엔드가 접속했습니다. : ::ffff:192.168.100.8, 4326
22/06/28 10:41:45 590 [debug]: [object Object]
22/06/28 10:41:45 591 [debug]: 프론트엔드의 요청 >> [GET] /hello.html
22/06/28 10:41:45 652 [debug]: 프론트엔드의 요청 >> [GET] /favicon.ico
22/06/28 10:42:17 259 [debug]: 프론트엔드가 접속했습니다. : ::ffff:192.168.100.8, 4339
22/06/28 10:42:17 259 [debug]: [object Object]
22/06/28 10:42:17 336 [debug]: 프론트엔드의 요청 >> [GET] /favicon.ico
22/06/28 10:42:53 700 [debug]: 3216번 포트에서 백엔드가 구동되었습니다.
22/06/28 10:42:53 702 [debug]: ---------------------
22/06/28 10:42:53 703 [debug]: http://192.168.100.8:3216
22/06/28 10:42:55 628 [debug]: 프론트엔드가 접속했습니다. : ::ffff:192.168.100.8, 4386
22/06/28 10:42:55 629 [debug]: [object Object]
22/06/28 10:42:55 630 [debug]: 프론트엔드가 접속했습니다. : ::ffff:192.168.100.8, 4387
22/06/28 10:42:55 630 [debug]: [object Object]
22/06/28 10:42:55 632 [debug]: 프론트엔드의 요청 >> [GET] /
22/06/28 10:42:55 735 [debug]: 프론트엔드의 요청 >> [GET] /favicon.ico
22/06/28 10:42:59 475 [debug]: 프론트엔드의 요청 >> [GET] /
22/06/28 10:42:59 521 [debug]: 프론트엔드의 요청 >> [GET] /favicon.ico
22/06/28 10:43:00 187 [debug]: 프론트엔드의 요청 >> [GET] /
22/06/28 10:43:00 228 [debug]: 프론트엔드의 요청 >> [GET] /favicon.ico
22/06/28 10:43:00 764 [debug]: 프론트엔드의 요청 >> [GET] /
22/06/28 10:43:00 812 [debug]: 프론트엔드의 요청 >> [GET] /favicon.ico
22/06/28 10:43:20 848 [debug]: 3216번 포트에서 백엔드가 구동되었습니다.
22/06/28 10:43:20 850 [debug]: ---------------------
22/06/28 10:43:20 851 [debug]: http://192.168.100.8:3216
22/06/28 10:43:22 540 [debug]: 프론트엔드가 접속했습니다. : ::ffff:192.168.100.8, 4398
22/06/28 10:43:22 541 [debug]: [object Object]
22/06/28 10:43:22 543 [debug]: 프론트엔드의 요청 >> [GET] /
22/06/28 10:43:22 546 [debug]: 프론트엔드가 접속했습니다. : ::ffff:192.168.100.8, 4399
22/06/28 10:43:22 547 [debug]: [object Object]
22/06/28 10:43:22 611 [debug]: 프론트엔드의 요청 >> [GET] /favicon.ico
22/06/28 10:43:36 963 [debug]: 3216번 포트에서 백엔드가 구동되었습니다.
22/06/28 10:43:36 965 [debug]: ---------------------
22/06/28 10:43:36 966 [debug]: http://192.168.100.8:3216
22/06/28 10:43:38 380 [debug]: 프론트엔드가 접속했습니다. : ::ffff:192.168.100.8, 4406
22/06/28 10:43:38 381 [debug]: [object Object]
22/06/28 10:43:38 383 [debug]: 프론트엔드의 요청 >> [GET] /
22/06/28 10:43:38 386 [debug]: 프론트엔드가 접속했습니다. : ::ffff:192.168.100.8, 4407
22/06/28 10:43:38 387 [debug]: [object Object]
22/06/28 10:43:38 452 [debug]: 프론트엔드의 요청 >> [GET] /favicon.ico
22/06/28 10:43:39 612 [debug]: 프론트엔드의 요청 >> [GET] /
22/06/28 10:43:39 656 [debug]: 프론트엔드의 요청 >> [GET] /favicon.ico
22/06/28 10:43:40 188 [debug]: 프론트엔드의 요청 >> [GET] /
22/06/28 10:43:40 230 [debug]: 프론트엔드의 요청 >> [GET] /favicon.ico
22/06/28 10:43:40 484 [debug]: 프론트엔드의 요청 >> [GET] /
22/06/28 10:43:40 527 [debug]: 프론트엔드의 요청 >> [GET] /favicon.ico
22/06/28 10:43:41 196 [debug]: 프론트엔드의 요청 >> [GET] /
22/06/28 10:43:41 236 [debug]: 프론트엔드의 요청 >> [GET] /favicon.ico
22/06/28 10:43:41 387 [debug]: 프론트엔드의 요청 >> [GET] /
22/06/28 10:43:41 428 [debug]: 프론트엔드의 요청 >> [GET] /favicon.ico
22/06/28 10:43:41 796 [debug]: 프론트엔드의 요청 >> [GET] /
22/06/28 10:43:41 835 [debug]: 프론트엔드의 요청 >> [GET] /favicon.ico
22/06/28 10:43:46 150 [debug]: 프론트엔드의 요청 >> [GET] /hello.html
22/06/28 10:43:46 196 [debug]: 프론트엔드의 요청 >> [GET] /favicon.ico
22/06/28 10:43:49 564 [debug]: 프론트엔드의 요청 >> [GET] /
22/06/28 10:43:49 605 [debug]: 프론트엔드의 요청 >> [GET] /favicon.ico
22/06/28 10:43:50 444 [debug]: 프론트엔드의 요청 >> [GET] /
22/06/28 10:43:50 484 [debug]: 프론트엔드의 요청 >> [GET] /favicon.ico
22/06/28 10:43:51 068 [debug]: 프론트엔드의 요청 >> [GET] /
22/06/28 10:43:51 109 [debug]: 프론트엔드의 요청 >> [GET] /favicon.ico
22/06/28 10:43:51 571 [debug]: 프론트엔드의 요청 >> [GET] /
22/06/28 10:43:51 614 [debug]: 프론트엔드의 요청 >> [GET] /favicon.ico
22/06/28 10:43:52 003 [debug]: 프론트엔드의 요청 >> [GET] /
22/06/28 10:43:52 032 [debug]: 프론트엔드의 요청 >> [GET] /favicon.ico
22/06/28 10:43:52 676 [debug]: 프론트엔드의 요청 >> [GET] /
22/06/28 10:43:52 725 [debug]: 프론트엔드의 요청 >> [GET] /favicon.ico
22/06/28 10:43:54 539 [debug]: 프론트엔드의 요청 >> [GET] /
22/06/28 10:43:54 579 [debug]: 프론트엔드의 요청 >> [GET] /favicon.ico
22/06/28 10:43:55 052 [debug]: 프론트엔드의 요청 >> [GET] /
22/06/28 10:43:55 092 [debug]: 프론트엔드의 요청 >> [GET] /favicon.ico
22/06/28 10:43:55 587 [debug]: 프론트엔드의 요청 >> [GET] /
22/06/28 10:43:55 625 [debug]: 프론트엔드의 요청 >> [GET] /favicon.ico
22/06/28 10:43:56 075 [debug]: 프론트엔드의 요청 >> [GET] /
22/06/28 10:43:56 115 [debug]: 프론트엔드의 요청 >> [GET] /favicon.ico
22/06/28 10:44:09 165 [debug]: 3216번 포트에서 백엔드가 구동되었습니다.
22/06/28 10:44:09 167 [debug]: ---------------------
22/06/28 10:44:09 167 [debug]: http://192.168.100.8:3216
22/06/28 10:44:10 556 [debug]: 프론트엔드가 접속했습니다. : ::ffff:192.168.100.8, 4421
22/06/28 10:44:10 557 [debug]: [object Object]
22/06/28 10:44:10 559 [debug]: 프론트엔드의 요청 >> [GET] /
22/06/28 10:44:10 563 [debug]: 프론트엔드가 접속했습니다. : ::ffff:192.168.100.8, 4422
22/06/28 10:44:10 563 [debug]: [object Object]
22/06/28 10:44:10 626 [debug]: 프론트엔드의 요청 >> [GET] /favicon.ico
22/06/28 10:44:11 760 [debug]: 프론트엔드의 요청 >> [GET] /hello.html
22/06/28 10:44:11 806 [debug]: 프론트엔드의 요청 >> [GET] /favicon.ico
22/06/28 10:44:30 970 [debug]: 3216번 포트에서 백엔드가 구동되었습니다.
22/06/28 10:44:30 972 [debug]: ---------------------
22/06/28 10:44:30 973 [debug]: http://192.168.100.8:3216
22/06/28 10:44:32 380 [debug]: 프론트엔드가 접속했습니다. : ::ffff:192.168.100.8, 4446
22/06/28 10:44:32 381 [debug]: [object Object]
22/06/28 10:44:32 382 [debug]: 프론트엔드의 요청 >> [GET] /hello.html
22/06/28 10:44:32 386 [debug]: 프론트엔드가 접속했습니다. : ::ffff:192.168.100.8, 4447
22/06/28 10:44:32 387 [debug]: [object Object]
22/06/28 10:44:32 450 [debug]: 프론트엔드의 요청 >> [GET] /favicon.ico
22/06/28 10:44:33 710 [debug]: 프론트엔드의 요청 >> [GET] /
22/06/28 10:44:33 770 [debug]: 프론트엔드의 요청 >> [GET] /favicon.ico
22/06/28 10:44:34 479 [debug]: 프론트엔드의 요청 >> [GET] /hello.html
22/06/28 10:44:34 526 [debug]: 프론트엔드의 요청 >> [GET] /favicon.ico
22/06/28 10:44:35 279 [debug]: 프론트엔드의 요청 >> [GET] /
22/06/28 10:44:35 339 [debug]: 프론트엔드의 요청 >> [GET] /favicon.ico
22/06/28 10:44:35 750 [debug]: 프론트엔드의 요청 >> [GET] /hello.html
22/06/28 10:44:35 797 [debug]: 프론트엔드의 요청 >> [GET] /favicon.ico
22/06/28 10:44:36 229 [debug]: 프론트엔드의 요청 >> [GET] /
22/06/28 10:44:36 282 [debug]: 프론트엔드의 요청 >> [GET] /favicon.ico
22/06/28 10:44:36 779 [debug]: 프론트엔드의 요청 >> [GET] /hello.html
22/06/28 10:44:36 826 [debug]: 프론트엔드의 요청 >> [GET] /favicon.ico
22/06/28 10:44:37 269 [debug]: 프론트엔드의 요청 >> [GET] /
22/06/28 10:44:37 389 [debug]: 프론트엔드의 요청 >> [GET] /favicon.ico
22/06/28 10:44:37 769 [debug]: 프론트엔드의 요청 >> [GET] /hello.html
22/06/28 10:44:37 817 [debug]: 프론트엔드의 요청 >> [GET] /favicon.ico
22/06/28 10:44:48 279 [debug]: 3216번 포트에서 백엔드가 구동되었습니다.
22/06/28 10:44:48 281 [debug]: ---------------------
22/06/28 10:44:48 282 [debug]: http://192.168.100.8:3216
22/06/28 10:44:51 011 [debug]: 프론트엔드가 접속했습니다. : ::ffff:192.168.100.8, 4457
22/06/28 10:44:51 011 [debug]: [object Object]
22/06/28 10:44:51 013 [debug]: 프론트엔드의 요청 >> [GET] /
22/06/28 10:44:51 017 [debug]: 프론트엔드가 접속했습니다. : ::ffff:192.168.100.8, 4458
22/06/28 10:44:51 017 [debug]: [object Object]
22/06/28 10:44:51 081 [debug]: 프론트엔드의 요청 >> [GET] /favicon.ico
22/06/28 10:44:51 579 [debug]: 프론트엔드의 요청 >> [GET] /hello.html
22/06/28 10:44:51 648 [debug]: 프론트엔드의 요청 >> [GET] /favicon.ico
22/06/28 10:44:51 829 [debug]: 프론트엔드의 요청 >> [GET] /
22/06/28 10:44:51 880 [debug]: 프론트엔드의 요청 >> [GET] /favicon.ico
22/06/28 10:44:51 990 [debug]: 프론트엔드의 요청 >> [GET] /hello.html
22/06/28 10:44:52 044 [debug]: 프론트엔드의 요청 >> [GET] /favicon.ico
22/06/28 10:44:52 159 [debug]: 프론트엔드의 요청 >> [GET] /
22/06/28 10:44:52 237 [debug]: 프론트엔드의 요청 >> [GET] /favicon.ico
22/06/28 10:44:52 319 [debug]: 프론트엔드의 요청 >> [GET] /hello.html
22/06/28 10:44:52 377 [debug]: 프론트엔드의 요청 >> [GET] /favicon.ico
22/06/28 10:44:52 479 [debug]: 프론트엔드의 요청 >> [GET] /
22/06/28 10:44:52 531 [debug]: 프론트엔드의 요청 >> [GET] /favicon.ico
22/06/28 10:44:52 640 [debug]: 프론트엔드의 요청 >> [GET] /hello.html
22/06/28 10:44:52 691 [debug]: 프론트엔드의 요청 >> [GET] /favicon.ico
22/06/28 10:44:52 799 [debug]: 프론트엔드의 요청 >> [GET] /
22/06/28 10:44:52 854 [debug]: 프론트엔드의 요청 >> [GET] /favicon.ico
22/06/28 10:44:52 959 [debug]: 프론트엔드의 요청 >> [GET] /hello.html
22/06/28 10:44:53 022 [debug]: 프론트엔드의 요청 >> [GET] /favicon.ico
22/06/28 10:44:53 119 [debug]: 프론트엔드의 요청 >> [GET] /
22/06/28 10:44:53 170 [debug]: 프론트엔드의 요청 >> [GET] /favicon.ico
22/06/28 10:44:53 279 [debug]: 프론트엔드의 요청 >> [GET] /hello.html
22/06/28 10:44:53 335 [debug]: 프론트엔드의 요청 >> [GET] /favicon.ico
22/06/28 10:44:53 440 [debug]: 프론트엔드의 요청 >> [GET] /
22/06/28 10:44:53 512 [debug]: 프론트엔드의 요청 >> [GET] /favicon.ico
22/06/28 10:44:53 602 [debug]: 프론트엔드의 요청 >> [GET] /hello.html
22/06/28 10:44:53 660 [debug]: 프론트엔드의 요청 >> [GET] /favicon.ico
22/06/28 10:44:53 769 [debug]: 프론트엔드의 요청 >> [GET] /
22/06/28 10:44:53 848 [debug]: 프론트엔드의 요청 >> [GET] /favicon.ico
22/06/28 10:44:53 940 [debug]: 프론트엔드의 요청 >> [GET] /hello.html
22/06/28 10:44:54 002 [debug]: 프론트엔드의 요청 >> [GET] /favicon.ico
22/06/28 10:44:54 099 [debug]: 프론트엔드의 요청 >> [GET] /
22/06/28 10:44:54 184 [debug]: 프론트엔드의 요청 >> [GET] /favicon.ico
22/06/28 10:44:54 259 [debug]: 프론트엔드의 요청 >> [GET] /hello.html
22/06/28 10:44:54 311 [debug]: 프론트엔드의 요청 >> [GET] /favicon.ico
22/06/28 10:44:54 409 [debug]: 프론트엔드의 요청 >> [GET] /
22/06/28 10:44:54 532 [debug]: 프론트엔드의 요청 >> [GET] /favicon.ico
22/06/28 10:44:55 019 [debug]: 프론트엔드의 요청 >> [GET] /hello.html
22/06/28 10:44:55 070 [debug]: 프론트엔드의 요청 >> [GET] /favicon.ico
22/06/28 10:44:55 220 [debug]: 프론트엔드의 요청 >> [GET] /
22/06/28 10:44:55 293 [debug]: 프론트엔드의 요청 >> [GET] /favicon.ico
22/06/28 10:44:55 519 [debug]: 프론트엔드의 요청 >> [GET] /hello.html
22/06/28 10:44:55 569 [debug]: 프론트엔드의 요청 >> [GET] /favicon.ico
22/06/28 10:44:55 669 [debug]: 프론트엔드의 요청 >> [GET] /
22/06/28 10:44:55 742 [debug]: 프론트엔드의 요청 >> [GET] /favicon.ico
22/06/28 10:44:55 819 [debug]: 프론트엔드의 요청 >> [GET] /hello.html
22/06/28 10:44:55 870 [debug]: 프론트엔드의 요청 >> [GET] /favicon.ico
22/06/28 10:44:55 979 [debug]: 프론트엔드의 요청 >> [GET] /
22/06/28 10:44:56 054 [debug]: 프론트엔드의 요청 >> [GET] /favicon.ico
22/06/28 11:43:33 128 [debug]: 3217번 포트에서 백엔드가 구동되었습니다.
22/06/28 11:43:33 130 [debug]: ----------------------
22/06/28 11:43:33 130 [debug]: http://192.168.100.8:3217
22/06/28 11:43:34 808 [debug]: 프론트엔드가 접속했습니다. : ::ffff:192.168.100.8, 6253
22/06/28 11:43:34 809 [debug]: [object Object]
22/06/28 11:43:34 810 [debug]: 프론트엔드가 접속했습니다. : ::ffff:192.168.100.8, 6254
22/06/28 11:43:34 810 [debug]: [object Object]
22/06/28 11:43:56 481 [debug]: 3217번 포트에서 백엔드가 구동되었습니다.
22/06/28 11:43:56 483 [debug]: ----------------------
22/06/28 11:43:56 484 [debug]: http://192.168.100.8:3217
22/06/28 11:43:58 504 [debug]: 프론트엔드가 접속했습니다. : ::ffff:192.168.100.8, 6276
22/06/28 11:43:58 505 [debug]: [object Object]
22/06/28 11:43:58 506 [debug]: 프론트엔드가 접속했습니다. : ::ffff:192.168.100.8, 6277
22/06/28 11:43:58 507 [debug]: [object Object]
22/06/28 11:43:58 510 [debug]: 프론트엔드의 요청 >> [undefined] /
22/06/28 11:43:58 615 [debug]: 프론트엔드의 요청 >> [undefined] /favicon.ico
22/06/28 11:44:34 572 [debug]: 프론트엔드가 접속했습니다. : ::ffff:192.168.100.8, 6298
22/06/28 11:44:34 573 [debug]: [object Object]
22/06/28 11:44:34 574 [debug]: 프론트엔드의 요청 >> [undefined] /sample.html
22/06/28 11:44:34 646 [debug]: 프론트엔드의 요청 >> [undefined] /favicon.ico
22/06/28 11:44:36 692 [debug]: 프론트엔드가 접속했습니다. : ::1, 6300
22/06/28 11:44:36 693 [debug]: [object Object]
22/06/28 11:44:36 693 [debug]: 프론트엔드가 접속했습니다. : ::1, 6301
22/06/28 11:44:36 694 [debug]: [object Object]
22/06/28 11:44:36 694 [debug]: 프론트엔드의 요청 >> [undefined] /
22/06/28 11:44:36 790 [debug]: 프론트엔드의 요청 >> [undefined] /favicon.ico
22/06/28 11:44:37 493 [debug]: 프론트엔드의 요청 >> [undefined] /favicon.ico
22/06/28 11:45:36 430 [debug]: 프론트엔드가 접속했습니다. : ::1, 6328
22/06/28 11:45:36 430 [debug]: [object Object]
22/06/28 11:45:36 430 [debug]: 프론트엔드의 요청 >> [undefined] /
22/06/28 11:45:38 789 [debug]: 프론트엔드의 요청 >> [undefined] /
22/06/28 11:45:39 277 [debug]: 프론트엔드의 요청 >> [undefined] /
22/06/28 11:45:39 279 [debug]: 프론트엔드가 접속했습니다. : ::1, 6330
22/06/28 11:45:39 279 [debug]: [object Object]
22/06/28 11:45:39 280 [debug]: 프론트엔드의 요청 >> [undefined] /
22/06/28 11:45:39 757 [debug]: 프론트엔드의 요청 >> [undefined] /
22/06/28 11:46:09 038 [debug]: 프론트엔드의 요청 >> [undefined] /
22/06/28 11:46:09 718 [debug]: 프론트엔드의 요청 >> [undefined] /
22/06/28 11:46:58 358 [debug]: 프론트엔드가 접속했습니다. : ::1, 6362
22/06/28 11:46:58 359 [debug]: [object Object]
22/06/28 11:46:58 359 [debug]: 프론트엔드의 요청 >> [undefined] /
22/06/28 11:47:06 364 [debug]: 3217번 포트에서 백엔드가 구동되었습니다.
22/06/28 11:47:06 366 [debug]: ----------------------
22/06/28 11:47:06 366 [debug]: http://192.168.100.8:3217
22/06/28 11:47:08 889 [debug]: 프론트엔드가 접속했습니다. : ::1, 6368
22/06/28 11:47:08 890 [debug]: [object Object]
22/06/28 11:47:08 891 [debug]: 프론트엔드의 요청 >> [undefined] /
22/06/28 11:47:12 068 [debug]: 프론트엔드의 요청 >> [undefined] /
22/06/28 11:47:12 598 [debug]: 프론트엔드의 요청 >> [undefined] /
22/06/28 11:47:12 599 [debug]: 프론트엔드의 요청 >> [undefined] /
22/06/28 11:47:14 608 [debug]: 프론트엔드의 요청 >> [undefined] /
22/06/28 11:47:15 208 [debug]: 프론트엔드의 요청 >> [undefined] /
22/06/28 11:47:16 818 [debug]: 프론트엔드의 요청 >> [undefined] /
22/06/28 11:47:17 257 [debug]: 프론트엔드의 요청 >> [undefined] /
22/06/28 11:48:54 548 [debug]: 프론트엔드가 접속했습니다. : ::ffff:192.168.100.8, 6412
22/06/28 11:48:54 549 [debug]: [object Object]
22/06/28 11:48:54 550 [debug]: 프론트엔드가 접속했습니다. : ::ffff:192.168.100.8, 6413
22/06/28 11:48:54 550 [debug]: [object Object]
22/06/28 11:48:54 550 [debug]: 프론트엔드의 요청 >> [undefined] /sample.html
22/06/28 11:48:54 626 [debug]: 프론트엔드의 요청 >> [undefined] /favicon.ico
22/06/28 11:48:56 038 [debug]: 프론트엔드의 요청 >> [undefined] /sample.html
22/06/28 11:48:56 082 [debug]: 프론트엔드의 요청 >> [undefined] /favicon.ico
22/06/28 11:48:57 819 [debug]: 프론트엔드가 접속했습니다. : ::1, 6416
22/06/28 11:48:57 819 [debug]: [object Object]
22/06/28 11:48:57 820 [debug]: 프론트엔드의 요청 >> [undefined] /
22/06/28 11:48:59 368 [debug]: 프론트엔드의 요청 >> [undefined] /
22/06/28 11:49:01 159 [debug]: 프론트엔드가 접속했습니다. : ::ffff:192.168.100.8, 6419
22/06/28 11:49:01 159 [debug]: [object Object]
22/06/28 11:49:01 160 [debug]: 프론트엔드의 요청 >> [undefined] /sample.html
22/06/28 11:49:01 202 [debug]: 프론트엔드의 요청 >> [undefined] /favicon.ico
22/06/28 11:49:02 289 [debug]: 프론트엔드의 요청 >> [undefined] /sample.html
22/06/28 11:49:02 335 [debug]: 프론트엔드의 요청 >> [undefined] /favicon.ico
22/06/28 11:49:02 919 [debug]: 프론트엔드의 요청 >> [undefined] /sample.html
22/06/28 11:49:02 968 [debug]: 프론트엔드의 요청 >> [undefined] /favicon.ico
22/06/28 11:49:04 339 [debug]: 프론트엔드의 요청 >> [undefined] /sample.html
22/06/28 11:49:04 383 [debug]: 프론트엔드의 요청 >> [undefined] /favicon.ico
22/06/28 11:49:40 635 [debug]: 3217번 포트에서 백엔드가 구동되었습니다.
22/06/28 11:49:40 637 [debug]: ----------------------
22/06/28 11:49:40 637 [debug]: http://192.168.100.8:3217
22/06/28 11:49:44 714 [debug]: 프론트엔드가 접속했습니다. : ::1, 6437
22/06/28 11:49:44 715 [debug]: [object Object]
22/06/28 11:49:44 718 [debug]: 프론트엔드의 요청 >> [OPTIONS] /
22/06/28 11:49:44 723 [debug]: 프론트엔드의 요청 >> [PUT] /
22/06/28 11:49:44 724 [debug]: 프론트엔드가 접속했습니다. : ::1, 6438
22/06/28 11:49:44 725 [debug]: [object Object]
22/06/28 11:49:46 819 [debug]: 프론트엔드의 요청 >> [DELETE] /
22/06/28 11:49:48 213 [debug]: 프론트엔드가 접속했습니다. : ::1, 6440
22/06/28 11:49:48 214 [debug]: [object Object]
22/06/28 11:49:48 214 [debug]: 프론트엔드가 접속했습니다. : ::1, 6441
22/06/28 11:49:48 215 [debug]: [object Object]
22/06/28 11:49:48 216 [debug]: 프론트엔드의 요청 >> [GET] /
22/06/28 11:49:48 309 [debug]: 프론트엔드의 요청 >> [GET] /favicon.ico
22/06/28 11:49:50 503 [debug]: 프론트엔드가 접속했습니다. : ::ffff:192.168.100.8, 6443
22/06/28 11:49:50 503 [debug]: [object Object]
22/06/28 11:49:50 504 [debug]: 프론트엔드가 접속했습니다. : ::ffff:192.168.100.8, 6444
22/06/28 11:49:50 504 [debug]: [object Object]
22/06/28 11:49:50 591 [debug]: 프론트엔드의 요청 >> [GET] /favicon.ico
22/06/28 11:50:09 413 [debug]: 프론트엔드가 접속했습니다. : ::1, 6452
22/06/28 11:50:09 413 [debug]: [object Object]
22/06/28 11:50:09 415 [debug]: 프론트엔드의 요청 >> [GET] /
22/06/28 11:50:09 515 [debug]: 프론트엔드의 요청 >> [GET] /favicon.ico
22/06/28 11:50:11 623 [debug]: 프론트엔드가 접속했습니다. : ::ffff:192.168.100.8, 6453
22/06/28 11:50:11 623 [debug]: [object Object]
22/06/28 11:50:11 719 [debug]: 프론트엔드의 요청 >> [GET] /favicon.ico
22/06/28 11:50:12 325 [debug]: 프론트엔드의 요청 >> [GET] /
22/06/28 11:50:12 407 [debug]: 프론트엔드의 요청 >> [GET] /favicon.ico
22/06/28 11:50:13 422 [debug]: 프론트엔드의 요청 >> [GET] /favicon.ico
22/06/28 11:50:14 820 [debug]: 프론트엔드의 요청 >> [GET] /
22/06/28 11:50:15 368 [debug]: 프론트엔드의 요청 >> [POST] /
22/06/28 11:50:15 838 [debug]: 프론트엔드의 요청 >> [OPTIONS] /
22/06/28 11:50:15 839 [debug]: 프론트엔드가 접속했습니다. : ::1, 6457
22/06/28 11:50:15 839 [debug]: [object Object]
22/06/28 11:50:15 840 [debug]: 프론트엔드의 요청 >> [PUT] /
22/06/28 11:50:28 517 [debug]: 3217번 포트에서 백엔드가 구동되었습니다.
22/06/28 11:50:28 519 [debug]: ----------------------
22/06/28 11:50:28 519 [debug]: http://192.168.100.8:3217
22/06/28 11:50:31 464 [debug]: 프론트엔드가 접속했습니다. : ::1, 6464
22/06/28 11:50:31 465 [debug]: [object Object]
22/06/28 11:50:31 466 [debug]: 프론트엔드가 접속했습니다. : ::1, 6465
22/06/28 11:50:31 466 [debug]: [object Object]
22/06/28 11:50:31 468 [debug]: 프론트엔드의 요청 >> [GET] /
22/06/28 11:50:31 559 [debug]: 프론트엔드의 요청 >> [GET] /favicon.ico
22/06/28 11:50:32 423 [debug]: 프론트엔드가 접속했습니다. : ::ffff:192.168.100.8, 6466
22/06/28 11:50:32 424 [debug]: [object Object]
22/06/28 11:50:32 424 [debug]: 프론트엔드가 접속했습니다. : ::ffff:192.168.100.8, 6467
22/06/28 11:50:32 425 [debug]: [object Object]
22/06/28 11:50:32 518 [debug]: 프론트엔드의 요청 >> [GET] /favicon.ico
22/06/28 11:50:33 260 [debug]: 프론트엔드가 접속했습니다. : ::1, 6468
22/06/28 11:50:33 260 [debug]: [object Object]
22/06/28 11:50:33 261 [debug]: 프론트엔드의 요청 >> [POST] /
22/06/28 11:50:33 978 [debug]: 프론트엔드의 요청 >> [OPTIONS] /
22/06/28 11:50:33 980 [debug]: 프론트엔드가 접속했습니다. : ::1, 6469
22/06/28 11:50:33 980 [debug]: [object Object]
22/06/28 11:50:33 981 [debug]: 프론트엔드의 요청 >> [PUT] /
22/06/28 11:50:34 297 [debug]: 프론트엔드의 요청 >> [DELETE] /
22/06/28 11:50:35 078 [debug]: 프론트엔드의 요청 >> [GET] /
