22/07/12 00:28:04 329 [error]: error 메시지 입니다. (1수준)
22/07/12 00:28:04 331 [warn]: warn 메시지 입니다. (2수준)
22/07/12 00:28:04 331 [info]: info 메시지 입니다. (3수준)
22/07/12 00:28:04 332 [verbose]: verbose 메시지 입니다. (4수준)
22/07/12 00:28:04 332 [debug]: debug 메시지 입니다. (5수준)
22/07/12 00:28:20 611 [error]: error 메시지 입니다. (1수준)
22/07/12 00:28:20 613 [warn]: warn 메시지 입니다. (2수준)
22/07/12 00:28:20 613 [info]: info 메시지 입니다. (3수준)
22/07/12 00:28:20 614 [verbose]: verbose 메시지 입니다. (4수준)
22/07/12 00:28:20 614 [debug]: debug 메시지 입니다. (5수준)
22/07/12 00:28:21 123 [error]: error 메시지 입니다. (1수준)
22/07/12 00:28:21 125 [warn]: warn 메시지 입니다. (2수준)
22/07/12 00:28:21 125 [info]: info 메시지 입니다. (3수준)
22/07/12 00:28:21 126 [verbose]: verbose 메시지 입니다. (4수준)
22/07/12 00:28:21 126 [debug]: debug 메시지 입니다. (5수준)
22/07/12 00:28:21 345 [error]: error 메시지 입니다. (1수준)
22/07/12 00:28:21 347 [warn]: warn 메시지 입니다. (2수준)
22/07/12 00:28:21 347 [info]: info 메시지 입니다. (3수준)
22/07/12 00:28:21 348 [verbose]: verbose 메시지 입니다. (4수준)
22/07/12 00:28:21 348 [debug]: debug 메시지 입니다. (5수준)
22/07/12 00:28:21 528 [error]: error 메시지 입니다. (1수준)
22/07/12 00:28:21 530 [warn]: warn 메시지 입니다. (2수준)
22/07/12 00:28:21 531 [info]: info 메시지 입니다. (3수준)
22/07/12 00:28:21 531 [verbose]: verbose 메시지 입니다. (4수준)
22/07/12 00:28:21 531 [debug]: debug 메시지 입니다. (5수준)
22/07/12 00:28:21 709 [error]: error 메시지 입니다. (1수준)
22/07/12 00:28:21 711 [warn]: warn 메시지 입니다. (2수준)
22/07/12 00:28:21 712 [info]: info 메시지 입니다. (3수준)
22/07/12 00:28:21 712 [verbose]: verbose 메시지 입니다. (4수준)
22/07/12 00:28:21 713 [debug]: debug 메시지 입니다. (5수준)
22/07/12 00:28:21 892 [error]: error 메시지 입니다. (1수준)
22/07/12 00:28:21 894 [warn]: warn 메시지 입니다. (2수준)
22/07/12 00:28:21 895 [info]: info 메시지 입니다. (3수준)
22/07/12 00:28:21 895 [verbose]: verbose 메시지 입니다. (4수준)
22/07/12 00:28:21 895 [debug]: debug 메시지 입니다. (5수준)
22/07/12 00:28:22 073 [error]: error 메시지 입니다. (1수준)
22/07/12 00:28:22 075 [warn]: warn 메시지 입니다. (2수준)
22/07/12 00:28:22 075 [info]: info 메시지 입니다. (3수준)
22/07/12 00:28:22 075 [verbose]: verbose 메시지 입니다. (4수준)
22/07/12 00:28:22 076 [debug]: debug 메시지 입니다. (5수준)
22/07/12 00:28:22 255 [error]: error 메시지 입니다. (1수준)
22/07/12 00:28:22 258 [warn]: warn 메시지 입니다. (2수준)
22/07/12 00:28:22 258 [info]: info 메시지 입니다. (3수준)
22/07/12 00:28:22 258 [verbose]: verbose 메시지 입니다. (4수준)
22/07/12 00:28:22 259 [debug]: debug 메시지 입니다. (5수준)
22/07/12 00:28:22 437 [error]: error 메시지 입니다. (1수준)
22/07/12 00:28:22 439 [warn]: warn 메시지 입니다. (2수준)
22/07/12 00:28:22 439 [info]: info 메시지 입니다. (3수준)
22/07/12 00:28:22 440 [verbose]: verbose 메시지 입니다. (4수준)
22/07/12 00:28:22 440 [debug]: debug 메시지 입니다. (5수준)
22/07/12 00:28:22 616 [error]: error 메시지 입니다. (1수준)
22/07/12 00:28:22 618 [warn]: warn 메시지 입니다. (2수준)
22/07/12 00:28:22 618 [info]: info 메시지 입니다. (3수준)
22/07/12 00:28:22 619 [verbose]: verbose 메시지 입니다. (4수준)
22/07/12 00:28:22 619 [debug]: debug 메시지 입니다. (5수준)
22/07/12 00:28:22 794 [error]: error 메시지 입니다. (1수준)
22/07/12 00:28:22 796 [warn]: warn 메시지 입니다. (2수준)
22/07/12 00:28:22 797 [info]: info 메시지 입니다. (3수준)
22/07/12 00:28:22 797 [verbose]: verbose 메시지 입니다. (4수준)
22/07/12 00:28:22 797 [debug]: debug 메시지 입니다. (5수준)
22/07/12 00:28:22 978 [error]: error 메시지 입니다. (1수준)
22/07/12 00:28:22 980 [warn]: warn 메시지 입니다. (2수준)
22/07/12 00:28:22 981 [info]: info 메시지 입니다. (3수준)
22/07/12 00:28:22 981 [verbose]: verbose 메시지 입니다. (4수준)
22/07/12 00:28:22 981 [debug]: debug 메시지 입니다. (5수준)
